0 info it worked if it ends with ok
1 verbose cli [ 'C:\\Program Files\\nodejs\\node.exe',
1 verbose cli   'C:\\Program Files\\nodejs\\node_modules\\npm\\bin\\npm-cli.js',
1 verbose cli   'start' ]
2 info using npm@3.8.3
3 info using node@v5.10.1
4 verbose run-script [ 'prestart', 'start', 'poststart' ]
5 info lifecycle my_oauth_server@1.0.0~prestart: my_oauth_server@1.0.0
6 silly lifecycle my_oauth_server@1.0.0~prestart: no script for prestart, continuing
7 info lifecycle my_oauth_server@1.0.0~start: my_oauth_server@1.0.0
8 verbose lifecycle my_oauth_server@1.0.0~start: unsafe-perm in lifecycle true
9 verbose lifecycle my_oauth_server@1.0.0~start: PATH: C:\Program Files\nodejs\node_modules\npm\bin\node-gyp-bin;H:\github\my_oauth_heroku\my_oauth_server\node_modules\.bin;C:\Program Files\nodejs;C:\Windows\system32;C:\Windows;C:\Windows\System32\Wbem;C:\Windows\System32\WindowsPowerShell\v1.0\;C:\Program Files (x86)\Intel\OpenCL SDK\3.0\bin\x86;C:\Program Files (x86)\Intel\OpenCL SDK\3.0\bin\x64;C:\Program Files (x86)\NVIDIA Corporation\PhysX\Common;C:\Program Files\Git\cmd;C:\Program Files\nodejs\;C:\Program Files\Java\jdk1.7.0_17\bin;C:\Program Files\Java\jdk1.7.0_17\jre\bin;H:\android-sdk-windows\tools;H:\android-sdk-windows\platform-tools;C:\apache-ant-1.9.7\bin;J:\posges\bin;C:\Python27;C:\Program Files (x86)\Heroku\bin;C:\Program Files (x86)\git\cmd;C:\Ruby21-x64\bin;C:\gradle-2.13-rc-1\bin;C:\Windows\Microsoft.NET\Framework\v4.0.30319;C:\Program Files\Git\cmd;C:\Users\Administrator\AppData\Roaming\npm
10 verbose lifecycle my_oauth_server@1.0.0~start: CWD: H:\github\my_oauth_heroku\my_oauth_server
11 silly lifecycle my_oauth_server@1.0.0~start: Args: [ '/d /s /c', 'node app.js' ]
12 silly lifecycle my_oauth_server@1.0.0~start: Returned: code: 1  signal: null
13 info lifecycle my_oauth_server@1.0.0~start: Failed to exec start script
14 verbose stack Error: my_oauth_server@1.0.0 start: `node app.js`
14 verbose stack Exit status 1
14 verbose stack     at EventEmitter.<anonymous> (C:\Program Files\nodejs\node_modules\npm\lib\utils\lifecycle.js:239:16)
14 verbose stack     at emitTwo (events.js:100:13)
14 verbose stack     at EventEmitter.emit (events.js:185:7)
14 verbose stack     at ChildProcess.<anonymous> (C:\Program Files\nodejs\node_modules\npm\lib\utils\spawn.js:24:14)
14 verbose stack     at emitTwo (events.js:100:13)
14 verbose stack     at ChildProcess.emit (events.js:185:7)
14 verbose stack     at maybeClose (internal/child_process.js:850:16)
14 verbose stack     at Process.ChildProcess._handle.onexit (internal/child_process.js:215:5)
15 verbose pkgid my_oauth_server@1.0.0
16 verbose cwd H:\github\my_oauth_heroku\my_oauth_server
17 error Windows_NT 6.1.7600
18 error argv "C:\\Program Files\\nodejs\\node.exe" "C:\\Program Files\\nodejs\\node_modules\\npm\\bin\\npm-cli.js" "start"
19 error node v5.10.1
20 error npm  v3.8.3
21 error code ELIFECYCLE
22 error my_oauth_server@1.0.0 start: `node app.js`
22 error Exit status 1
23 error Failed at the my_oauth_server@1.0.0 start script 'node app.js'.
23 error Make sure you have the latest version of node.js and npm installed.
23 error If you do, this is most likely a problem with the my_oauth_server package,
23 error not with npm itself.
23 error Tell the author that this fails on your system:
23 error     node app.js
23 error You can get information on how to open an issue for this project with:
23 error     npm bugs my_oauth_server
23 error Or if that isn't available, you can get their info via:
23 error     npm owner ls my_oauth_server
23 error There is likely additional logging output above.
24 verbose exit [ 1, true ]
